<?xml version="1.0" encoding="UTF-8"?>
<!-- Generated by org.testng.reporters.JUnitReportReporter -->
<testsuite skipped="0" hostname="DESKTOP-EA30RFA" name="Testcases.demo" tests="2" failures="0" timestamp="2021-06-26T12:59:30 IST" time="0.009" errors="0">
  <testcase name="caseone" time="0.001" classname="Testcases.demo"/>
  <system-out/>
  <testcase name="addition" time="0.008" classname="Testcases.demo"/>
  <system-out/>
</testsuite> <!-- Testcases.demo -->
