<?xml version="1.0" encoding="UTF-8"?>
<!-- Generated by org.testng.reporters.JUnitReportReporter -->
<testsuite skipped="0" hostname="DESKTOP-EA30RFA" name="Testcases.Accountidtestcases" tests="1" failures="0" timestamp="2021-07-10T12:15:43 IST" time="13.991" errors="0">
  <testcase name="login" time="13.991" classname="Testcases.Accountidtestcases"/>
  <system-out/>
</testsuite> <!-- Testcases.Accountidtestcases -->
