<?xml version="1.0" encoding="UTF-8"?>
<!-- Generated by org.testng.reporters.JUnitReportReporter -->
<testsuite skipped="0" hostname="DESKTOP-EA30RFA" name="Testcases.Accountdadatavalidation" tests="1" failures="0" timestamp="2021-06-17T20:25:19 IST" time="1.114" errors="0">
  <testcase name="smlog" time="1.114" classname="Testcases.Accountdadatavalidation"/>
  <system-out/>
</testsuite> <!-- Testcases.Accountdadatavalidation -->
