<?xml version="1.0" encoding="UTF-8"?>
<!-- Generated by org.testng.reporters.JUnitReportReporter -->
<testsuite skipped="0" hostname="DESKTOP-EA30RFA" name="Testcases.Leadcreation" tests="2" failures="0" timestamp="2021-08-10T07:26:04 IST" time="27.288" errors="0">
  <testcase name="signin" time="27.279" classname="Testcases.Leadcreation"/>
  <system-out/>
  <testcase name="leadcreation" time="0.009" classname="Testcases.Leadcreation"/>
  <system-out/>
</testsuite> <!-- Testcases.Leadcreation -->
